Performing C SOURCE FILE Test CMAKE_HAVE_LIBC_PTHREAD failed with the following output:
Change Dir: /home/airat/CLionProjects/STL_basic_containers/cmake-build-debug/CMakeFiles/CMakeTmp

Run Build Command(s):/usr/bin/make cmTC_c462e/fast && /usr/bin/make  -f CMakeFiles/cmTC_c462e.dir/build.make CMakeFiles/cmTC_c462e.dir/build
make[1]: вход в каталог «/home/airat/CLionProjects/STL_basic_containers/cmake-build-debug/CMakeFiles/CMakeTmp»
Building C object CMakeFiles/cmTC_c462e.dir/src.c.o
/usr/bin/cc   -DCMAKE_HAVE_LIBC_PTHREAD   -o CMakeFiles/cmTC_c462e.dir/src.c.o   -c /home/airat/CLionProjects/STL_basic_containers/cmake-build-debug/CMakeFiles/CMakeTmp/src.c
Linking C executable cmTC_c462e
/home/airat/JB/clion-2020.3.3/bin/cmake/linux/bin/cmake -E cmake_link_script CMakeFiles/cmTC_c462e.dir/link.txt --verbose=1
/usr/bin/cc  -DCMAKE_HAVE_LIBC_PTHREAD    -rdynamic CMakeFiles/cmTC_c462e.dir/src.c.o  -o cmTC_c462e 
/usr/bin/ld: CMakeFiles/cmTC_c462e.dir/src.c.o: в функции «main»:
src.c:(.text+0x46): неопределённая ссылка на «pthread_create»
/usr/bin/ld: src.c:(.text+0x52): неопределённая ссылка на «pthread_detach»
/usr/bin/ld: src.c:(.text+0x5e): неопределённая ссылка на «pthread_cancel»
/usr/bin/ld: src.c:(.text+0x6f): неопределённая ссылка на «pthread_join»
collect2: error: ld returned 1 exit status
make[1]: *** [CMakeFiles/cmTC_c462e.dir/build.make:107: cmTC_c462e] Ошибка 1
make[1]: выход из каталога «/home/airat/CLionProjects/STL_basic_containers/cmake-build-debug/CMakeFiles/CMakeTmp»
make: *** [Makefile:141: cmTC_c462e/fast] Ошибка 2


Source file was:
#include <pthread.h>

void* test_func(void* data)
{
  return data;
}

int main(void)
{
  pthread_t thread;
  pthread_create(&thread, NULL, test_func, NULL);
  pthread_detach(thread);
  pthread_cancel(thread);
  pthread_join(thread, NULL);
  pthread_atfork(NULL, NULL, NULL);
  pthread_exit(NULL);

  return 0;
}

